2026-03-17 23:09:43,458 | INFO | Starting Bronze ingestion to S3...
2026-03-17 23:09:43,458 | INFO | Bucket: dylan-ecommerce-data-pipeline
2026-03-17 23:09:43,458 | INFO | Prefix: bronze
2026-03-17 23:09:43,463 | INFO | Source dir: C:\Project MDS\ecommerce-data-pipeline\data\source
2026-03-17 23:09:43,481 | INFO | Found credentials in shared credentials file: ~/.aws/credentials
2026-03-17 23:09:45,447 | INFO | Uploaded: data\source\customers.csv -> s3://dylan-ecommerce-data-pipeline/bronze/customers/customers.csv
2026-03-17 23:09:49,037 | INFO | Uploaded: data\source\orders.csv -> s3://dylan-ecommerce-data-pipeline/bronze/orders/orders.csv
2026-03-17 23:09:52,036 | INFO | Uploaded: data\source\order_items.csv -> s3://dylan-ecommerce-data-pipeline/bronze/order_items/order_items.csv
2026-03-17 23:09:53,066 | INFO | Uploaded: data\source\order_payments.csv -> s3://dylan-ecommerce-data-pipeline/bronze/order_payments/order_payments.csv
2026-03-17 23:09:55,735 | INFO | Uploaded: data\source\order_reviews.csv -> s3://dylan-ecommerce-data-pipeline/bronze/order_reviews/order_reviews.csv
2026-03-17 23:09:56,204 | INFO | Uploaded: data\source\products.csv -> s3://dylan-ecommerce-data-pipeline/bronze/products/products.csv
2026-03-17 23:09:56,306 | INFO | Uploaded: data\source\sellers.csv -> s3://dylan-ecommerce-data-pipeline/bronze/sellers/sellers.csv
2026-03-17 23:09:56,368 | INFO | Uploaded: data\source\product_category_name_translation.csv -> s3://dylan-ecommerce-data-pipeline/bronze/product_category_name_translation/product_category_name_translation.csv
2026-03-17 23:09:56,368 | INFO | Finished Bronze ingestion. Uploaded=8 Failed=0
2026-04-06 01:05:59,884 | INFO | Starting Bronze ingestion to S3...
2026-04-06 01:05:59,884 | INFO | Bucket: dylan-ecommerce-data-pipeline
2026-04-06 01:05:59,885 | INFO | Prefix: bronze
2026-04-06 01:05:59,888 | INFO | Source dir: /opt/airflow/project/data/source
2026-04-06 01:05:59,896 | INFO | Found credentials in environment variables.
2026-04-06 01:06:02,012 | INFO | Uploaded: data/source/customers.csv -> s3://dylan-ecommerce-data-pipeline/bronze/customers/customers.csv
2026-04-06 01:06:05,116 | INFO | Uploaded: data/source/orders.csv -> s3://dylan-ecommerce-data-pipeline/bronze/orders/orders.csv
2026-04-06 01:06:07,880 | INFO | Uploaded: data/source/order_items.csv -> s3://dylan-ecommerce-data-pipeline/bronze/order_items/order_items.csv
2026-04-06 01:06:08,892 | INFO | Uploaded: data/source/order_payments.csv -> s3://dylan-ecommerce-data-pipeline/bronze/order_payments/order_payments.csv
2026-04-06 01:06:12,519 | INFO | Uploaded: data/source/order_reviews.csv -> s3://dylan-ecommerce-data-pipeline/bronze/order_reviews/order_reviews.csv
2026-04-06 01:06:12,983 | INFO | Uploaded: data/source/products.csv -> s3://dylan-ecommerce-data-pipeline/bronze/products/products.csv
2026-04-06 01:06:13,075 | INFO | Uploaded: data/source/sellers.csv -> s3://dylan-ecommerce-data-pipeline/bronze/sellers/sellers.csv
2026-04-06 01:06:13,146 | INFO | Uploaded: data/source/product_category_name_translation.csv -> s3://dylan-ecommerce-data-pipeline/bronze/product_category_name_translation/product_category_name_translation.csv
2026-04-06 01:06:13,147 | INFO | Finished Bronze ingestion. Uploaded=8 Failed=0
2026-04-10 06:13:49,957 | INFO | Starting Bronze ingestion to S3...
2026-04-10 06:13:49,957 | INFO | Bucket: dylan-ecommerce-data-pipeline
2026-04-10 06:13:49,958 | INFO | Prefix: bronze
2026-04-10 06:13:49,961 | INFO | Source dir: /opt/airflow/project/data/source
2026-04-10 06:13:49,970 | INFO | Found credentials in environment variables.
2026-04-10 06:13:52,109 | INFO | Uploaded: data/source/customers.csv -> s3://dylan-ecommerce-data-pipeline/bronze/customers/customers.csv
2026-04-10 06:13:55,330 | INFO | Uploaded: data/source/orders.csv -> s3://dylan-ecommerce-data-pipeline/bronze/orders/orders.csv
2026-04-10 06:13:58,167 | INFO | Uploaded: data/source/order_items.csv -> s3://dylan-ecommerce-data-pipeline/bronze/order_items/order_items.csv
2026-04-10 06:13:59,428 | INFO | Uploaded: data/source/order_payments.csv -> s3://dylan-ecommerce-data-pipeline/bronze/order_payments/order_payments.csv
2026-04-10 06:14:02,308 | INFO | Uploaded: data/source/order_reviews.csv -> s3://dylan-ecommerce-data-pipeline/bronze/order_reviews/order_reviews.csv
2026-04-10 06:14:02,794 | INFO | Uploaded: data/source/products.csv -> s3://dylan-ecommerce-data-pipeline/bronze/products/products.csv
2026-04-10 06:14:02,894 | INFO | Uploaded: data/source/sellers.csv -> s3://dylan-ecommerce-data-pipeline/bronze/sellers/sellers.csv
2026-04-10 06:14:02,969 | INFO | Uploaded: data/source/product_category_name_translation.csv -> s3://dylan-ecommerce-data-pipeline/bronze/product_category_name_translation/product_category_name_translation.csv
2026-04-10 06:14:02,969 | INFO | Finished Bronze ingestion. Uploaded=8 Failed=0
2026-04-10 06:14:10,536 | INFO | Starting Bronze ingestion to S3...
2026-04-10 06:14:10,536 | INFO | Bucket: dylan-ecommerce-data-pipeline
2026-04-10 06:14:10,537 | INFO | Prefix: bronze
2026-04-10 06:14:10,540 | INFO | Source dir: /opt/airflow/project/data/source
2026-04-10 06:14:10,549 | INFO | Found credentials in environment variables.
2026-04-10 06:14:12,465 | INFO | Uploaded: data/source/customers.csv -> s3://dylan-ecommerce-data-pipeline/bronze/customers/customers.csv
2026-04-10 06:14:15,656 | INFO | Uploaded: data/source/orders.csv -> s3://dylan-ecommerce-data-pipeline/bronze/orders/orders.csv
2026-04-10 06:14:18,522 | INFO | Uploaded: data/source/order_items.csv -> s3://dylan-ecommerce-data-pipeline/bronze/order_items/order_items.csv
2026-04-10 06:14:19,557 | INFO | Uploaded: data/source/order_payments.csv -> s3://dylan-ecommerce-data-pipeline/bronze/order_payments/order_payments.csv
2026-04-10 06:14:22,221 | INFO | Uploaded: data/source/order_reviews.csv -> s3://dylan-ecommerce-data-pipeline/bronze/order_reviews/order_reviews.csv
2026-04-10 06:14:22,684 | INFO | Uploaded: data/source/products.csv -> s3://dylan-ecommerce-data-pipeline/bronze/products/products.csv
2026-04-10 06:14:22,779 | INFO | Uploaded: data/source/sellers.csv -> s3://dylan-ecommerce-data-pipeline/bronze/sellers/sellers.csv
2026-04-10 06:14:22,841 | INFO | Uploaded: data/source/product_category_name_translation.csv -> s3://dylan-ecommerce-data-pipeline/bronze/product_category_name_translation/product_category_name_translation.csv
2026-04-10 06:14:22,841 | INFO | Finished Bronze ingestion. Uploaded=8 Failed=0
2026-04-10 06:19:36,638 | INFO | Starting Bronze ingestion to S3...
2026-04-10 06:19:36,638 | INFO | Bucket: dylan-ecommerce-data-pipeline
2026-04-10 06:19:36,638 | INFO | Prefix: bronze
2026-04-10 06:19:36,641 | INFO | Source dir: /opt/airflow/project/data/source
2026-04-10 06:19:36,650 | INFO | Found credentials in environment variables.
2026-04-10 06:19:38,583 | INFO | Uploaded: data/source/customers.csv -> s3://dylan-ecommerce-data-pipeline/bronze/customers/customers.csv
2026-04-10 06:19:41,782 | INFO | Uploaded: data/source/orders.csv -> s3://dylan-ecommerce-data-pipeline/bronze/orders/orders.csv
2026-04-10 06:19:44,589 | INFO | Uploaded: data/source/order_items.csv -> s3://dylan-ecommerce-data-pipeline/bronze/order_items/order_items.csv
2026-04-10 06:19:45,681 | INFO | Uploaded: data/source/order_payments.csv -> s3://dylan-ecommerce-data-pipeline/bronze/order_payments/order_payments.csv
2026-04-10 06:19:48,344 | INFO | Uploaded: data/source/order_reviews.csv -> s3://dylan-ecommerce-data-pipeline/bronze/order_reviews/order_reviews.csv
2026-04-10 06:19:48,804 | INFO | Uploaded: data/source/products.csv -> s3://dylan-ecommerce-data-pipeline/bronze/products/products.csv
2026-04-10 06:19:48,894 | INFO | Uploaded: data/source/sellers.csv -> s3://dylan-ecommerce-data-pipeline/bronze/sellers/sellers.csv
2026-04-10 06:19:48,953 | INFO | Uploaded: data/source/product_category_name_translation.csv -> s3://dylan-ecommerce-data-pipeline/bronze/product_category_name_translation/product_category_name_translation.csv
2026-04-10 06:19:48,953 | INFO | Finished Bronze ingestion. Uploaded=8 Failed=0
2026-04-10 06:46:59,063 | INFO | Starting Bronze ingestion to S3...
2026-04-10 06:46:59,063 | INFO | Bucket: dylan-ecommerce-data-pipeline
2026-04-10 06:46:59,064 | INFO | Prefix: bronze
2026-04-10 06:46:59,067 | INFO | Source dir: /opt/airflow/project/data/source
2026-04-10 06:46:59,076 | INFO | Found credentials in environment variables.
2026-04-10 06:47:01,311 | INFO | Uploaded: data/source/customers.csv -> s3://dylan-ecommerce-data-pipeline/bronze/customers/customers.csv
2026-04-10 06:47:04,946 | INFO | Uploaded: data/source/orders.csv -> s3://dylan-ecommerce-data-pipeline/bronze/orders/orders.csv
2026-04-10 06:47:08,141 | INFO | Uploaded: data/source/order_items.csv -> s3://dylan-ecommerce-data-pipeline/bronze/order_items/order_items.csv
2026-04-10 06:47:09,372 | INFO | Uploaded: data/source/order_payments.csv -> s3://dylan-ecommerce-data-pipeline/bronze/order_payments/order_payments.csv
2026-04-10 06:47:12,262 | INFO | Uploaded: data/source/order_reviews.csv -> s3://dylan-ecommerce-data-pipeline/bronze/order_reviews/order_reviews.csv
2026-04-10 06:47:12,798 | INFO | Uploaded: data/source/products.csv -> s3://dylan-ecommerce-data-pipeline/bronze/products/products.csv
2026-04-10 06:47:12,930 | INFO | Uploaded: data/source/sellers.csv -> s3://dylan-ecommerce-data-pipeline/bronze/sellers/sellers.csv
2026-04-10 06:47:13,029 | INFO | Uploaded: data/source/product_category_name_translation.csv -> s3://dylan-ecommerce-data-pipeline/bronze/product_category_name_translation/product_category_name_translation.csv
2026-04-10 06:47:13,029 | INFO | Finished Bronze ingestion. Uploaded=8 Failed=0
2026-04-10 06:48:13,694 | INFO | Starting Bronze ingestion to S3...
2026-04-10 06:48:13,695 | INFO | Bucket: dylan-ecommerce-data-pipeline
2026-04-10 06:48:13,695 | INFO | Prefix: bronze
2026-04-10 06:48:13,698 | INFO | Source dir: /opt/airflow/project/data/source
2026-04-10 06:48:13,707 | INFO | Found credentials in environment variables.
2026-04-10 06:48:15,838 | INFO | Uploaded: data/source/customers.csv -> s3://dylan-ecommerce-data-pipeline/bronze/customers/customers.csv
2026-04-10 06:48:19,389 | INFO | Uploaded: data/source/orders.csv -> s3://dylan-ecommerce-data-pipeline/bronze/orders/orders.csv
2026-04-10 06:48:22,291 | INFO | Uploaded: data/source/order_items.csv -> s3://dylan-ecommerce-data-pipeline/bronze/order_items/order_items.csv
2026-04-10 06:48:23,355 | INFO | Uploaded: data/source/order_payments.csv -> s3://dylan-ecommerce-data-pipeline/bronze/order_payments/order_payments.csv
2026-04-10 06:48:26,171 | INFO | Uploaded: data/source/order_reviews.csv -> s3://dylan-ecommerce-data-pipeline/bronze/order_reviews/order_reviews.csv
2026-04-10 06:48:26,656 | INFO | Uploaded: data/source/products.csv -> s3://dylan-ecommerce-data-pipeline/bronze/products/products.csv
2026-04-10 06:48:26,767 | INFO | Uploaded: data/source/sellers.csv -> s3://dylan-ecommerce-data-pipeline/bronze/sellers/sellers.csv
2026-04-10 06:48:26,842 | INFO | Uploaded: data/source/product_category_name_translation.csv -> s3://dylan-ecommerce-data-pipeline/bronze/product_category_name_translation/product_category_name_translation.csv
2026-04-10 06:48:26,843 | INFO | Finished Bronze ingestion. Uploaded=8 Failed=0
2026-04-10 07:10:40,523 | INFO | Starting Bronze ingestion to S3...
2026-04-10 07:10:40,523 | INFO | Bucket: dylan-ecommerce-data-pipeline
2026-04-10 07:10:40,523 | INFO | Prefix: bronze
2026-04-10 07:10:40,526 | INFO | Source dir: /opt/airflow/project/data/source
2026-04-10 07:10:40,535 | INFO | Found credentials in environment variables.
2026-04-10 07:10:42,642 | INFO | Uploaded: data/source/customers.csv -> s3://dylan-ecommerce-data-pipeline/bronze/customers/customers.csv
2026-04-10 07:10:45,926 | INFO | Uploaded: data/source/orders.csv -> s3://dylan-ecommerce-data-pipeline/bronze/orders/orders.csv
2026-04-10 07:10:48,773 | INFO | Uploaded: data/source/order_items.csv -> s3://dylan-ecommerce-data-pipeline/bronze/order_items/order_items.csv
2026-04-10 07:10:49,837 | INFO | Uploaded: data/source/order_payments.csv -> s3://dylan-ecommerce-data-pipeline/bronze/order_payments/order_payments.csv
2026-04-10 07:10:52,513 | INFO | Uploaded: data/source/order_reviews.csv -> s3://dylan-ecommerce-data-pipeline/bronze/order_reviews/order_reviews.csv
2026-04-10 07:10:52,981 | INFO | Uploaded: data/source/products.csv -> s3://dylan-ecommerce-data-pipeline/bronze/products/products.csv
2026-04-10 07:10:53,074 | INFO | Uploaded: data/source/sellers.csv -> s3://dylan-ecommerce-data-pipeline/bronze/sellers/sellers.csv
2026-04-10 07:10:53,142 | INFO | Uploaded: data/source/product_category_name_translation.csv -> s3://dylan-ecommerce-data-pipeline/bronze/product_category_name_translation/product_category_name_translation.csv
2026-04-10 07:10:53,143 | INFO | Finished Bronze ingestion. Uploaded=8 Failed=0
2026-04-10 07:21:10,633 | INFO | Starting Bronze ingestion to S3...
2026-04-10 07:21:10,633 | INFO | Bucket: dylan-ecommerce-data-pipeline
2026-04-10 07:21:10,634 | INFO | Prefix: bronze
2026-04-10 07:21:10,638 | INFO | Source dir: /opt/airflow/project/data/source
2026-04-10 07:21:10,652 | INFO | Found credentials in environment variables.
2026-04-10 07:21:10,682 | INFO | Starting Bronze ingestion to S3...
2026-04-10 07:21:10,683 | INFO | Starting Bronze ingestion to S3...
2026-04-10 07:21:10,683 | INFO | Bucket: dylan-ecommerce-data-pipeline
2026-04-10 07:21:10,683 | INFO | Bucket: dylan-ecommerce-data-pipeline
2026-04-10 07:21:10,683 | INFO | Prefix: bronze
2026-04-10 07:21:10,683 | INFO | Prefix: bronze
2026-04-10 07:21:10,685 | INFO | Source dir: /opt/airflow/project/data/source
2026-04-10 07:21:10,686 | INFO | Source dir: /opt/airflow/project/data/source
2026-04-10 07:21:10,699 | INFO | Found credentials in environment variables.
2026-04-10 07:21:10,699 | INFO | Found credentials in environment variables.
2026-04-10 07:21:10,702 | INFO | Starting Bronze ingestion to S3...
2026-04-10 07:21:10,703 | INFO | Bucket: dylan-ecommerce-data-pipeline
2026-04-10 07:21:10,703 | INFO | Prefix: bronze
2026-04-10 07:21:10,708 | INFO | Source dir: /opt/airflow/project/data/source
2026-04-10 07:21:10,711 | INFO | Starting Bronze ingestion to S3...
2026-04-10 07:21:10,711 | INFO | Bucket: dylan-ecommerce-data-pipeline
2026-04-10 07:21:10,711 | INFO | Prefix: bronze
2026-04-10 07:21:10,715 | INFO | Source dir: /opt/airflow/project/data/source
2026-04-10 07:21:10,722 | INFO | Found credentials in environment variables.
2026-04-10 07:21:10,731 | INFO | Found credentials in environment variables.
2026-04-10 07:21:17,616 | INFO | Uploaded: data/source/customers.csv -> s3://dylan-ecommerce-data-pipeline/bronze/customers/customers.csv
2026-04-10 07:21:17,966 | INFO | Uploaded: data/source/customers.csv -> s3://dylan-ecommerce-data-pipeline/bronze/customers/customers.csv
2026-04-10 07:21:19,125 | INFO | Uploaded: data/source/customers.csv -> s3://dylan-ecommerce-data-pipeline/bronze/customers/customers.csv
2026-04-10 07:21:19,185 | INFO | Uploaded: data/source/customers.csv -> s3://dylan-ecommerce-data-pipeline/bronze/customers/customers.csv
2026-04-10 07:21:20,637 | INFO | Uploaded: data/source/customers.csv -> s3://dylan-ecommerce-data-pipeline/bronze/customers/customers.csv
2026-04-10 07:21:30,960 | INFO | Uploaded: data/source/orders.csv -> s3://dylan-ecommerce-data-pipeline/bronze/orders/orders.csv
2026-04-10 07:21:32,364 | INFO | Uploaded: data/source/orders.csv -> s3://dylan-ecommerce-data-pipeline/bronze/orders/orders.csv
2026-04-10 07:21:33,695 | INFO | Uploaded: data/source/orders.csv -> s3://dylan-ecommerce-data-pipeline/bronze/orders/orders.csv
2026-04-10 07:21:34,973 | INFO | Uploaded: data/source/orders.csv -> s3://dylan-ecommerce-data-pipeline/bronze/orders/orders.csv
2026-04-10 07:21:35,057 | INFO | Uploaded: data/source/orders.csv -> s3://dylan-ecommerce-data-pipeline/bronze/orders/orders.csv
2026-04-10 07:21:42,887 | INFO | Uploaded: data/source/order_items.csv -> s3://dylan-ecommerce-data-pipeline/bronze/order_items/order_items.csv
2026-04-10 07:21:45,873 | INFO | Uploaded: data/source/order_items.csv -> s3://dylan-ecommerce-data-pipeline/bronze/order_items/order_items.csv
2026-04-10 07:21:46,971 | INFO | Uploaded: data/source/order_items.csv -> s3://dylan-ecommerce-data-pipeline/bronze/order_items/order_items.csv
2026-04-10 07:21:47,366 | INFO | Uploaded: data/source/order_items.csv -> s3://dylan-ecommerce-data-pipeline/bronze/order_items/order_items.csv
2026-04-10 07:21:47,689 | INFO | Uploaded: data/source/order_items.csv -> s3://dylan-ecommerce-data-pipeline/bronze/order_items/order_items.csv
2026-04-10 07:21:48,071 | INFO | Uploaded: data/source/order_payments.csv -> s3://dylan-ecommerce-data-pipeline/bronze/order_payments/order_payments.csv
2026-04-10 07:21:52,055 | INFO | Uploaded: data/source/order_payments.csv -> s3://dylan-ecommerce-data-pipeline/bronze/order_payments/order_payments.csv
2026-04-10 07:21:54,551 | INFO | Uploaded: data/source/order_payments.csv -> s3://dylan-ecommerce-data-pipeline/bronze/order_payments/order_payments.csv
2026-04-10 07:21:57,230 | INFO | Uploaded: data/source/order_reviews.csv -> s3://dylan-ecommerce-data-pipeline/bronze/order_reviews/order_reviews.csv
2026-04-10 07:21:59,708 | INFO | Uploaded: data/source/products.csv -> s3://dylan-ecommerce-data-pipeline/bronze/products/products.csv
2026-04-10 07:21:59,926 | INFO | Uploaded: data/source/order_payments.csv -> s3://dylan-ecommerce-data-pipeline/bronze/order_payments/order_payments.csv
2026-04-10 07:21:59,933 | INFO | Uploaded: data/source/sellers.csv -> s3://dylan-ecommerce-data-pipeline/bronze/sellers/sellers.csv
2026-04-10 07:22:00,004 | INFO | Uploaded: data/source/product_category_name_translation.csv -> s3://dylan-ecommerce-data-pipeline/bronze/product_category_name_translation/product_category_name_translation.csv
2026-04-10 07:22:00,005 | INFO | Finished Bronze ingestion. Uploaded=8 Failed=0
2026-04-10 07:22:00,055 | INFO | Uploaded: data/source/order_reviews.csv -> s3://dylan-ecommerce-data-pipeline/bronze/order_reviews/order_reviews.csv
2026-04-10 07:22:02,285 | INFO | Uploaded: data/source/products.csv -> s3://dylan-ecommerce-data-pipeline/bronze/products/products.csv
2026-04-10 07:22:02,479 | INFO | Uploaded: data/source/sellers.csv -> s3://dylan-ecommerce-data-pipeline/bronze/sellers/sellers.csv
2026-04-10 07:22:02,578 | INFO | Uploaded: data/source/product_category_name_translation.csv -> s3://dylan-ecommerce-data-pipeline/bronze/product_category_name_translation/product_category_name_translation.csv
2026-04-10 07:22:02,578 | INFO | Finished Bronze ingestion. Uploaded=8 Failed=0
2026-04-10 07:22:03,644 | INFO | Uploaded: data/source/order_reviews.csv -> s3://dylan-ecommerce-data-pipeline/bronze/order_reviews/order_reviews.csv
2026-04-10 07:22:05,241 | INFO | Uploaded: data/source/products.csv -> s3://dylan-ecommerce-data-pipeline/bronze/products/products.csv
2026-04-10 07:22:05,341 | INFO | Uploaded: data/source/order_reviews.csv -> s3://dylan-ecommerce-data-pipeline/bronze/order_reviews/order_reviews.csv
2026-04-10 07:22:05,360 | INFO | Uploaded: data/source/sellers.csv -> s3://dylan-ecommerce-data-pipeline/bronze/sellers/sellers.csv
2026-04-10 07:22:05,391 | INFO | Uploaded: data/source/order_payments.csv -> s3://dylan-ecommerce-data-pipeline/bronze/order_payments/order_payments.csv
2026-04-10 07:22:05,421 | INFO | Uploaded: data/source/product_category_name_translation.csv -> s3://dylan-ecommerce-data-pipeline/bronze/product_category_name_translation/product_category_name_translation.csv
2026-04-10 07:22:05,422 | INFO | Finished Bronze ingestion. Uploaded=8 Failed=0
2026-04-10 07:22:06,307 | INFO | Uploaded: data/source/products.csv -> s3://dylan-ecommerce-data-pipeline/bronze/products/products.csv
2026-04-10 07:22:06,482 | INFO | Uploaded: data/source/sellers.csv -> s3://dylan-ecommerce-data-pipeline/bronze/sellers/sellers.csv
2026-04-10 07:22:06,582 | INFO | Uploaded: data/source/product_category_name_translation.csv -> s3://dylan-ecommerce-data-pipeline/bronze/product_category_name_translation/product_category_name_translation.csv
2026-04-10 07:22:06,583 | INFO | Finished Bronze ingestion. Uploaded=8 Failed=0
2026-04-10 07:22:08,377 | INFO | Uploaded: data/source/order_reviews.csv -> s3://dylan-ecommerce-data-pipeline/bronze/order_reviews/order_reviews.csv
2026-04-10 07:22:08,865 | INFO | Uploaded: data/source/products.csv -> s3://dylan-ecommerce-data-pipeline/bronze/products/products.csv
2026-04-10 07:22:08,952 | INFO | Uploaded: data/source/sellers.csv -> s3://dylan-ecommerce-data-pipeline/bronze/sellers/sellers.csv
2026-04-10 07:22:09,013 | INFO | Uploaded: data/source/product_category_name_translation.csv -> s3://dylan-ecommerce-data-pipeline/bronze/product_category_name_translation/product_category_name_translation.csv
2026-04-10 07:22:09,013 | INFO | Finished Bronze ingestion. Uploaded=8 Failed=0
